<?xml version="1.0" encoding="UTF-8"?>
<!-- Generated by org.testng.reporters.JUnitReportReporter -->
<testsuite hostname="DESKTOP-IT2FEOA" failures="0" tests="3" name="lumawebtesting.Add_Review_To_Product" time="30.484" errors="0" timestamp="2024-04-01T10:43:50 IST" skipped="0">
  <testcase classname="lumawebtesting.Add_Review_To_Product" name="HomePagetitleVerification" time="0.062"/>
  <system-out/>
  <testcase classname="lumawebtesting.Add_Review_To_Product" name="Add_Review_to_product" time="30.193"/>
  <system-out/>
  <testcase classname="lumawebtesting.Add_Review_To_Product" name="close" time="0.229"/>
  <system-out/>
</testsuite> <!-- lumawebtesting.Add_Review_To_Product -->
