<?xml version="1.0" encoding="UTF-8"?>
<!-- Generated by org.testng.reporters.JUnitReportReporter -->
<testsuite hostname="DESKTOP-IT2FEOA" failures="0" tests="3" name="lumawebtesting.Advance_Product_Search" time="3.724" errors="0" timestamp="2024-04-05T12:24:35 IST" skipped="0">
  <testcase classname="lumawebtesting.Advance_Product_Search" name="HomePagetitleVerification" time="0.019"/>
  <system-out/>
  <testcase classname="lumawebtesting.Advance_Product_Search" name="Advance_Search" time="3.531"/>
  <system-out/>
  <testcase classname="lumawebtesting.Advance_Product_Search" name="close" time="0.174"/>
  <system-out/>
</testsuite> <!-- lumawebtesting.Advance_Product_Search -->
