<?xml version="1.0" encoding="UTF-8"?>
<!-- Generated by org.testng.reporters.JUnitReportReporter -->
<testsuite hostname="DESKTOP-IT2FEOA" failures="0" tests="3" name="lumawebtesting.Sort_Products_By_Prize" time="5.145" errors="0" timestamp="2024-04-07T16:30:16 IST" skipped="0">
  <testcase classname="lumawebtesting.Sort_Products_By_Prize" name="HomePagetitleVerification" time="0.019"/>
  <system-out/>
  <testcase classname="lumawebtesting.Sort_Products_By_Prize" name="Sort_Product" time="4.951"/>
  <system-out/>
  <testcase classname="lumawebtesting.Sort_Products_By_Prize" name="close" time="0.175"/>
  <system-out/>
</testsuite> <!-- lumawebtesting.Sort_Products_By_Prize -->
