<?xml version="1.0" encoding="UTF-8"?>
<!-- Generated by org.testng.reporters.JUnitReportReporter -->
<testsuite hostname="DESKTOP-IT2FEOA" failures="0" tests="3" name="lumawebtesting.View_Product_By_Gender" time="5.086" errors="0" timestamp="2024-04-05T11:35:22 IST" skipped="0">
  <testcase classname="lumawebtesting.View_Product_By_Gender" name="HomePagetitleVerification" time="0.019"/>
  <system-out/>
  <testcase classname="lumawebtesting.View_Product_By_Gender" name="View_Products_Material" time="4.890"/>
  <system-out/>
  <testcase classname="lumawebtesting.View_Product_By_Gender" name="close" time="0.177"/>
  <system-out/>
</testsuite> <!-- lumawebtesting.View_Product_By_Gender -->
