<?xml version="1.0" encoding="UTF-8"?>
<!-- Generated by org.testng.reporters.JUnitReportReporter -->
<testsuite hostname="DESKTOP-IT2FEOA" failures="0" tests="3" name="lumawebtesting.Order_and_return_with_Validate_Data" time="3.899" errors="0" timestamp="2024-04-06T16:16:42 IST" skipped="0">
  <testcase classname="lumawebtesting.Order_and_return_with_Validate_Data" name="HomePagetitleVerification" time="0.020"/>
  <system-out/>
  <testcase classname="lumawebtesting.Order_and_return_with_Validate_Data" name="Search_Order_with_Validate_Data" time="3.738"/>
  <system-out/>
  <testcase classname="lumawebtesting.Order_and_return_with_Validate_Data" name="close" time="0.141"/>
  <system-out/>
</testsuite> <!-- lumawebtesting.Order_and_return_with_Validate_Data -->
