<?xml version="1.0" encoding="UTF-8"?>
<!-- Generated by org.testng.reporters.JUnitReportReporter -->
<testsuite hostname="DESKTOP-IT2FEOA" failures="0" tests="3" name="lumawebtesting.Sign_in_with_incorrect_email" time="3.617" errors="0" timestamp="2024-03-30T18:02:57 IST" skipped="0">
  <testcase classname="lumawebtesting.Sign_in_with_incorrect_email" name="HomePagetitleVerification" time="0.020"/>
  <system-out/>
  <testcase classname="lumawebtesting.Sign_in_with_incorrect_email" name="sign_up_with_incorrect_email" time="3.395"/>
  <system-out/>
  <testcase classname="lumawebtesting.Sign_in_with_incorrect_email" name="close" time="0.202"/>
  <system-out/>
</testsuite> <!-- lumawebtesting.Sign_in_with_incorrect_email -->
