<?xml version="1.0" encoding="UTF-8"?>
<!-- Generated by org.testng.reporters.JUnitReportReporter -->
<testsuite hostname="DESKTOP-IT2FEOA" failures="0" tests="3" name="lumawebtesting.View_Product_By_Material" time="5.111" errors="0" timestamp="2024-04-05T11:13:53 IST" skipped="0">
  <testcase classname="lumawebtesting.View_Product_By_Material" name="HomePagetitleVerification" time="0.018"/>
  <system-out/>
  <testcase classname="lumawebtesting.View_Product_By_Material" name="View_Products_Material" time="4.933"/>
  <system-out/>
  <testcase classname="lumawebtesting.View_Product_By_Material" name="close" time="0.160"/>
  <system-out/>
</testsuite> <!-- lumawebtesting.View_Product_By_Material -->
