<?xml version="1.0" encoding="UTF-8"?>
<!-- Generated by org.testng.reporters.JUnitReportReporter -->
<testsuite hostname="DESKTOP-IT2FEOA" failures="0" tests="2" name="lumawebtesting.Add_WishList" time="11.437" errors="0" timestamp="2024-03-31T18:03:42 IST" skipped="0">
  <testcase classname="lumawebtesting.Add_WishList" name="HomePagetitleVerification" time="0.019"/>
  <system-out/>
  <testcase classname="lumawebtesting.Add_WishList" name="Add_Wishlist" time="11.418"/>
  <system-out/>
</testsuite> <!-- lumawebtesting.Add_WishList -->
