<?xml version="1.0" encoding="UTF-8"?>
<!-- Generated by org.testng.reporters.JUnitReportReporter -->
<testsuite hostname="DESKTOP-IT2FEOA" failures="0" tests="2" name="lumawebtesting.Verify_Sales_Page" time="3.773" errors="0" timestamp="2024-04-02T11:50:34 IST" skipped="0">
  <testcase classname="lumawebtesting.Verify_Sales_Page" name="HomePagetitleVerification" time="0.024"/>
  <system-out/>
  <testcase classname="lumawebtesting.Verify_Sales_Page" name="Sales_Page" time="3.749"/>
  <system-out/>
</testsuite> <!-- lumawebtesting.Verify_Sales_Page -->
