<?xml version="1.0" encoding="UTF-8"?>
<!-- Generated by org.testng.reporters.JUnitReportReporter -->
<testsuite hostname="DESKTOP-IT2FEOA" failures="0" tests="3" name="lumawebtesting.View_Category_Product" time="5.232" errors="0" timestamp="2024-04-03T10:27:33 IST" skipped="0">
  <testcase classname="lumawebtesting.View_Category_Product" name="HomePagetitleVerification" time="0.020"/>
  <system-out/>
  <testcase classname="lumawebtesting.View_Category_Product" name="View_Cate_Product" time="4.883"/>
  <system-out/>
  <testcase classname="lumawebtesting.View_Category_Product" name="close" time="0.329"/>
  <system-out/>
</testsuite> <!-- lumawebtesting.View_Category_Product -->
