<?xml version="1.0" encoding="UTF-8"?>
<!-- Generated by org.testng.reporters.JUnitReportReporter -->
<testsuite hostname="DESKTOP-IT2FEOA" failures="0" tests="3" name="lumawebtesting.View_Product_by_Color" time="6.284" errors="0" timestamp="2024-04-05T10:53:29 IST" skipped="0">
  <testcase classname="lumawebtesting.View_Product_by_Color" name="HomePagetitleVerification" time="0.019"/>
  <system-out/>
  <testcase classname="lumawebtesting.View_Product_by_Color" name="View_Products_color" time="6.091"/>
  <system-out/>
  <testcase classname="lumawebtesting.View_Product_by_Color" name="close" time="0.174"/>
  <system-out/>
</testsuite> <!-- lumawebtesting.View_Product_by_Color -->
