<?xml version="1.0" encoding="UTF-8"?>
<!-- Generated by org.testng.reporters.JUnitReportReporter -->
<testsuite hostname="DESKTOP-IT2FEOA" failures="0" tests="3" name="lumawebtesting.Search_Product" time="15.216" errors="0" timestamp="2024-03-31T16:41:13 IST" skipped="0">
  <testcase classname="lumawebtesting.Search_Product" name="HomePagetitleVerification" time="0.019"/>
  <system-out/>
  <testcase classname="lumawebtesting.Search_Product" name="Search_Function" time="14.996"/>
  <system-out/>
  <testcase classname="lumawebtesting.Search_Product" name="close" time="0.201"/>
  <system-out/>
</testsuite> <!-- lumawebtesting.Search_Product -->
