<?xml version="1.0" encoding="UTF-8"?>
<!-- Generated by org.testng.reporters.JUnitReportReporter -->
<testsuite hostname="DESKTOP-IT2FEOA" failures="0" tests="3" name="lumawebtesting.Verify_all_product_page" time="4.759" errors="0" timestamp="2024-03-31T16:21:08 IST" skipped="0">
  <testcase classname="lumawebtesting.Verify_all_product_page" name="HomePagetitleVerification" time="0.019"/>
  <system-out/>
  <testcase classname="lumawebtesting.Verify_all_product_page" name="verify_all_product" time="4.522"/>
  <system-out/>
  <testcase classname="lumawebtesting.Verify_all_product_page" name="close" time="0.218"/>
  <system-out/>
</testsuite> <!-- lumawebtesting.Verify_all_product_page -->
