<?xml version="1.0" encoding="UTF-8"?>
<!-- Generated by org.testng.reporters.JUnitReportReporter -->
<testsuite hostname="DESKTOP-IT2FEOA" failures="0" tests="2" name="lumawebtesting.Create_Account" time="9.522" errors="0" timestamp="2024-04-03T12:45:19 IST" skipped="0">
  <testcase classname="lumawebtesting.Create_Account" name="HomePagetitleVerification" time="0.019"/>
  <system-out/>
  <testcase classname="lumawebtesting.Create_Account" name="create_account" time="9.503"/>
  <system-out/>
</testsuite> <!-- lumawebtesting.Create_Account -->
