<?xml version="1.0" encoding="UTF-8"?>
<!-- Generated by org.testng.reporters.JUnitReportReporter -->
<testsuite hostname="DESKTOP-IT2FEOA" failures="0" tests="3" name="lumawebtesting.View_Products_by_price" time="4.414" errors="0" timestamp="2024-04-03T10:47:46 IST" skipped="0">
  <testcase classname="lumawebtesting.View_Products_by_price" name="HomePagetitleVerification" time="0.019"/>
  <system-out/>
  <testcase classname="lumawebtesting.View_Products_by_price" name="View_Products_price" time="4.174"/>
  <system-out/>
  <testcase classname="lumawebtesting.View_Products_by_price" name="close" time="0.221"/>
  <system-out/>
</testsuite> <!-- lumawebtesting.View_Products_by_price -->
