<?xml version="1.0" encoding="UTF-8"?>
<!-- Generated by org.testng.reporters.JUnitReportReporter -->
<testsuite hostname="DESKTOP-IT2FEOA" failures="0" tests="3" name="lumawebtesting.View_Product_By_size" time="5.270" errors="0" timestamp="2024-04-05T11:03:05 IST" skipped="0">
  <testcase classname="lumawebtesting.View_Product_By_size" name="HomePagetitleVerification" time="0.018"/>
  <system-out/>
  <testcase classname="lumawebtesting.View_Product_By_size" name="View_Products_size" time="5.094"/>
  <system-out/>
  <testcase classname="lumawebtesting.View_Product_By_size" name="close" time="0.158"/>
  <system-out/>
</testsuite> <!-- lumawebtesting.View_Product_By_size -->
