<?xml version="1.0" encoding="UTF-8"?>
<!-- Generated by org.testng.reporters.JUnitReportReporter -->
<testsuite hostname="DESKTOP-IT2FEOA" failures="0" tests="3" name="lumawebtesting.Remove_Product_from_Cart" time="11.402" errors="0" timestamp="2024-04-02T10:42:22 IST" skipped="0">
  <testcase classname="lumawebtesting.Remove_Product_from_Cart" name="HomePagetitleVerification" time="0.020"/>
  <system-out/>
  <testcase classname="lumawebtesting.Remove_Product_from_Cart" name="Remove_Product_cart" time="11.203"/>
  <system-out/>
  <testcase classname="lumawebtesting.Remove_Product_from_Cart" name="close" time="0.179"/>
  <system-out/>
</testsuite> <!-- lumawebtesting.Remove_Product_from_Cart -->
