<?xml version="1.0" encoding="UTF-8"?>
<!-- Generated by org.testng.reporters.JUnitReportReporter -->
<testsuite hostname="DESKTOP-IT2FEOA" failures="0" tests="3" name="lumawebtesting.Sign_in_with_correct_email" time="6.003" errors="0" timestamp="2024-03-30T17:59:04 IST" skipped="0">
  <testcase classname="lumawebtesting.Sign_in_with_correct_email" name="HomePagetitleVerification" time="0.019"/>
  <system-out/>
  <testcase classname="lumawebtesting.Sign_in_with_correct_email" name="sign_up_with_correct_email" time="5.791"/>
  <system-out/>
  <testcase classname="lumawebtesting.Sign_in_with_correct_email" name="close" time="0.193"/>
  <system-out/>
</testsuite> <!-- lumawebtesting.Sign_in_with_correct_email -->
