<?xml version="1.0" encoding="UTF-8"?>
<!-- Generated by org.testng.reporters.JUnitReportReporter -->
<testsuite hostname="DESKTOP-IT2FEOA" failures="0" tests="3" name="lumawebtesting.New_Product_added_Page" time="7.435" errors="0" timestamp="2024-03-31T17:12:26 IST" skipped="0">
  <testcase classname="lumawebtesting.New_Product_added_Page" name="HomePagetitleVerification" time="0.020"/>
  <system-out/>
  <testcase classname="lumawebtesting.New_Product_added_Page" name="check_new_products" time="7.193"/>
  <system-out/>
  <testcase classname="lumawebtesting.New_Product_added_Page" name="close" time="0.222"/>
  <system-out/>
</testsuite> <!-- lumawebtesting.New_Product_added_Page -->
